📊 从飞书 openclaw 表格同步交易记录...
✓ 读取到 42 条记录
✓ 已保存 A股 数据到 /home/admin/.openclaw/workspace/stock-dashboard/test/stockmarket/data/trades_cn.json (9条交易, 2只持仓)
✓ 已保存 港股 数据到 /home/admin/.openclaw/workspace/stock-dashboard/test/stockmarket/data/trades_hk.json (8条交易, 1只持仓)
✓ 已保存 美股 数据到 /home/admin/.openclaw/workspace/stock-dashboard/test/stockmarket/data/trades_us.json (11条交易, 1只持仓)
✓ 已保存 加股 数据到 /home/admin/.openclaw/workspace/stock-dashboard/test/stockmarket/data/trades_ca.json (5条交易, 2只持仓)
✓ 已保存 数字货币 数据到 /home/admin/.openclaw/workspace/stock-dashboard/test/stockmarket/data/trades_crypto.json (9条交易, 0只持仓)

✅ 同步完成！
📊 从飞书 openclaw 表格同步交易记录...
✓ 读取到 42 条记录
✓ 已保存 A股 数据到 /home/admin/.openclaw/workspace/stock-dashboard/test/stockmarket/data/trades_cn.json (9条交易, 2只持仓)
✓ 已保存 港股 数据到 /home/admin/.openclaw/workspace/stock-dashboard/test/stockmarket/data/trades_hk.json (8条交易, 1只持仓)
✓ 已保存 美股 数据到 /home/admin/.openclaw/workspace/stock-dashboard/test/stockmarket/data/trades_us.json (11条交易, 1只持仓)
✓ 已保存 加股 数据到 /home/admin/.openclaw/workspace/stock-dashboard/test/stockmarket/data/trades_ca.json (5条交易, 2只持仓)
✓ 已保存 数字货币 数据到 /home/admin/.openclaw/workspace/stock-dashboard/test/stockmarket/data/trades_crypto.json (9条交易, 0只持仓)

✅ 同步完成！
📊 从飞书 openclaw 表格同步交易记录...
✓ 读取到 42 条记录
✓ 已保存 A股 数据到 /home/admin/.openclaw/workspace/stock-dashboard/test/stockmarket/data/trades_cn.json (9条交易, 2只持仓)
✓ 已保存 港股 数据到 /home/admin/.openclaw/workspace/stock-dashboard/test/stockmarket/data/trades_hk.json (8条交易, 1只持仓)
✓ 已保存 美股 数据到 /home/admin/.openclaw/workspace/stock-dashboard/test/stockmarket/data/trades_us.json (11条交易, 1只持仓)
✓ 已保存 加股 数据到 /home/admin/.openclaw/workspace/stock-dashboard/test/stockmarket/data/trades_ca.json (5条交易, 2只持仓)
✓ 已保存 数字货币 数据到 /home/admin/.openclaw/workspace/stock-dashboard/test/stockmarket/data/trades_crypto.json (9条交易, 0只持仓)

✅ 同步完成！
📊 从飞书 openclaw 表格同步交易记录...
✓ 读取到 43 条记录
✓ 已保存 A股 数据到 /home/admin/.openclaw/workspace/stock-dashboard/test/stockmarket/data/trades_cn.json (9条交易, 2只持仓)
✓ 已保存 港股 数据到 /home/admin/.openclaw/workspace/stock-dashboard/test/stockmarket/data/trades_hk.json (8条交易, 1只持仓)
✓ 已保存 美股 数据到 /home/admin/.openclaw/workspace/stock-dashboard/test/stockmarket/data/trades_us.json (12条交易, 1只持仓)
✓ 已保存 加股 数据到 /home/admin/.openclaw/workspace/stock-dashboard/test/stockmarket/data/trades_ca.json (5条交易, 2只持仓)
✓ 已保存 数字货币 数据到 /home/admin/.openclaw/workspace/stock-dashboard/test/stockmarket/data/trades_crypto.json (9条交易, 0只持仓)

✅ 同步完成！
📊 从飞书 openclaw 表格同步交易记录...
✓ 读取到 43 条记录
✓ 已保存 A股 数据到 /home/admin/.openclaw/workspace/stock-dashboard/test/stockmarket/data/trades_cn.json (9条交易, 2只持仓)
✓ 已保存 港股 数据到 /home/admin/.openclaw/workspace/stock-dashboard/test/stockmarket/data/trades_hk.json (8条交易, 1只持仓)
✓ 已保存 美股 数据到 /home/admin/.openclaw/workspace/stock-dashboard/test/stockmarket/data/trades_us.json (12条交易, 1只持仓)
✓ 已保存 加股 数据到 /home/admin/.openclaw/workspace/stock-dashboard/test/stockmarket/data/trades_ca.json (5条交易, 2只持仓)
✓ 已保存 数字货币 数据到 /home/admin/.openclaw/workspace/stock-dashboard/test/stockmarket/data/trades_crypto.json (9条交易, 0只持仓)

✅ 同步完成！
📊 从飞书 openclaw 表格同步交易记录...
✓ 读取到 43 条记录
✓ 已保存 A股 数据到 /home/admin/.openclaw/workspace/stock-dashboard/test/stockmarket/data/trades_cn.json (9条交易, 2只持仓)
✓ 已保存 港股 数据到 /home/admin/.openclaw/workspace/stock-dashboard/test/stockmarket/data/trades_hk.json (8条交易, 1只持仓)
✓ 已保存 美股 数据到 /home/admin/.openclaw/workspace/stock-dashboard/test/stockmarket/data/trades_us.json (12条交易, 1只持仓)
✓ 已保存 加股 数据到 /home/admin/.openclaw/workspace/stock-dashboard/test/stockmarket/data/trades_ca.json (5条交易, 2只持仓)
✓ 已保存 数字货币 数据到 /home/admin/.openclaw/workspace/stock-dashboard/test/stockmarket/data/trades_crypto.json (9条交易, 0只持仓)

✅ 同步完成！
📊 从飞书 openclaw 表格同步交易记录...
✓ 读取到 43 条记录
✓ 已保存 A股 数据到 /home/admin/.openclaw/workspace/stock-dashboard/test/stockmarket/data/trades_cn.json (9条交易, 2只持仓)
✓ 已保存 港股 数据到 /home/admin/.openclaw/workspace/stock-dashboard/test/stockmarket/data/trades_hk.json (8条交易, 1只持仓)
✓ 已保存 美股 数据到 /home/admin/.openclaw/workspace/stock-dashboard/test/stockmarket/data/trades_us.json (12条交易, 1只持仓)
✓ 已保存 加股 数据到 /home/admin/.openclaw/workspace/stock-dashboard/test/stockmarket/data/trades_ca.json (5条交易, 2只持仓)
✓ 已保存 数字货币 数据到 /home/admin/.openclaw/workspace/stock-dashboard/test/stockmarket/data/trades_crypto.json (9条交易, 0只持仓)

✅ 同步完成！
📊 从飞书 openclaw 表格同步交易记录...
✓ 读取到 43 条记录
✓ 已保存 A股 数据到 /home/admin/.openclaw/workspace/stock-dashboard/test/stockmarket/data/trades_cn.json (9条交易, 2只持仓)
✓ 已保存 港股 数据到 /home/admin/.openclaw/workspace/stock-dashboard/test/stockmarket/data/trades_hk.json (8条交易, 1只持仓)
✓ 已保存 美股 数据到 /home/admin/.openclaw/workspace/stock-dashboard/test/stockmarket/data/trades_us.json (12条交易, 1只持仓)
✓ 已保存 加股 数据到 /home/admin/.openclaw/workspace/stock-dashboard/test/stockmarket/data/trades_ca.json (5条交易, 2只持仓)
✓ 已保存 数字货币 数据到 /home/admin/.openclaw/workspace/stock-dashboard/test/stockmarket/data/trades_crypto.json (9条交易, 0只持仓)

✅ 同步完成！
📊 从飞书 openclaw 表格同步交易记录...
✓ 读取到 43 条记录
✓ 已保存 A股 数据到 /home/admin/.openclaw/workspace/stock-dashboard/test/stockmarket/data/trades_cn.json (9条交易, 2只持仓)
✓ 已保存 港股 数据到 /home/admin/.openclaw/workspace/stock-dashboard/test/stockmarket/data/trades_hk.json (8条交易, 1只持仓)
✓ 已保存 美股 数据到 /home/admin/.openclaw/workspace/stock-dashboard/test/stockmarket/data/trades_us.json (12条交易, 1只持仓)
✓ 已保存 加股 数据到 /home/admin/.openclaw/workspace/stock-dashboard/test/stockmarket/data/trades_ca.json (5条交易, 2只持仓)
✓ 已保存 数字货币 数据到 /home/admin/.openclaw/workspace/stock-dashboard/test/stockmarket/data/trades_crypto.json (9条交易, 0只持仓)

✅ 同步完成！
📊 从飞书 openclaw 表格同步交易记录...
✓ 读取到 43 条记录
✓ 已保存 A股 数据到 /home/admin/.openclaw/workspace/stock-dashboard/test/stockmarket/data/trades_cn.json (9条交易, 2只持仓)
✓ 已保存 港股 数据到 /home/admin/.openclaw/workspace/stock-dashboard/test/stockmarket/data/trades_hk.json (8条交易, 1只持仓)
✓ 已保存 美股 数据到 /home/admin/.openclaw/workspace/stock-dashboard/test/stockmarket/data/trades_us.json (12条交易, 1只持仓)
✓ 已保存 加股 数据到 /home/admin/.openclaw/workspace/stock-dashboard/test/stockmarket/data/trades_ca.json (5条交易, 2只持仓)
✓ 已保存 数字货币 数据到 /home/admin/.openclaw/workspace/stock-dashboard/test/stockmarket/data/trades_crypto.json (9条交易, 0只持仓)

✅ 同步完成！
📊 从飞书 openclaw 表格同步交易记录...
✓ 读取到 43 条记录
✓ 已保存 A股 数据到 /home/admin/.openclaw/workspace/stock-dashboard/test/stockmarket/data/trades_cn.json (9条交易, 2只持仓)
✓ 已保存 港股 数据到 /home/admin/.openclaw/workspace/stock-dashboard/test/stockmarket/data/trades_hk.json (8条交易, 1只持仓)
✓ 已保存 美股 数据到 /home/admin/.openclaw/workspace/stock-dashboard/test/stockmarket/data/trades_us.json (12条交易, 1只持仓)
✓ 已保存 加股 数据到 /home/admin/.openclaw/workspace/stock-dashboard/test/stockmarket/data/trades_ca.json (5条交易, 2只持仓)
✓ 已保存 数字货币 数据到 /home/admin/.openclaw/workspace/stock-dashboard/test/stockmarket/data/trades_crypto.json (9条交易, 0只持仓)

✅ 同步完成！
📊 从飞书 openclaw 表格同步交易记录...
✓ 读取到 43 条记录
✓ 已保存 A股 数据到 /home/admin/.openclaw/workspace/stock-dashboard/test/stockmarket/data/trades_cn.json (9条交易, 2只持仓)
✓ 已保存 港股 数据到 /home/admin/.openclaw/workspace/stock-dashboard/test/stockmarket/data/trades_hk.json (8条交易, 1只持仓)
✓ 已保存 美股 数据到 /home/admin/.openclaw/workspace/stock-dashboard/test/stockmarket/data/trades_us.json (12条交易, 1只持仓)
✓ 已保存 加股 数据到 /home/admin/.openclaw/workspace/stock-dashboard/test/stockmarket/data/trades_ca.json (5条交易, 2只持仓)
✓ 已保存 数字货币 数据到 /home/admin/.openclaw/workspace/stock-dashboard/test/stockmarket/data/trades_crypto.json (9条交易, 0只持仓)

✅ 同步完成！
📊 从飞书 openclaw 表格同步交易记录...
✓ 读取到 43 条记录
✓ 已保存 A股 数据到 /home/admin/.openclaw/workspace/stock-dashboard/test/stockmarket/data/trades_cn.json (9条交易, 2只持仓)
✓ 已保存 港股 数据到 /home/admin/.openclaw/workspace/stock-dashboard/test/stockmarket/data/trades_hk.json (8条交易, 1只持仓)
✓ 已保存 美股 数据到 /home/admin/.openclaw/workspace/stock-dashboard/test/stockmarket/data/trades_us.json (12条交易, 1只持仓)
✓ 已保存 加股 数据到 /home/admin/.openclaw/workspace/stock-dashboard/test/stockmarket/data/trades_ca.json (5条交易, 2只持仓)
✓ 已保存 数字货币 数据到 /home/admin/.openclaw/workspace/stock-dashboard/test/stockmarket/data/trades_crypto.json (9条交易, 0只持仓)

✅ 同步完成！
📊 从飞书 openclaw 表格同步交易记录...
✓ 读取到 43 条记录
✓ 已保存 A股 数据到 /home/admin/.openclaw/workspace/stock-dashboard/test/stockmarket/data/trades_cn.json (9条交易, 2只持仓)
✓ 已保存 港股 数据到 /home/admin/.openclaw/workspace/stock-dashboard/test/stockmarket/data/trades_hk.json (8条交易, 1只持仓)
✓ 已保存 美股 数据到 /home/admin/.openclaw/workspace/stock-dashboard/test/stockmarket/data/trades_us.json (12条交易, 1只持仓)
✓ 已保存 加股 数据到 /home/admin/.openclaw/workspace/stock-dashboard/test/stockmarket/data/trades_ca.json (5条交易, 2只持仓)
✓ 已保存 数字货币 数据到 /home/admin/.openclaw/workspace/stock-dashboard/test/stockmarket/data/trades_crypto.json (9条交易, 0只持仓)

✅ 同步完成！
📊 从飞书 openclaw 表格同步交易记录...
✓ 读取到 43 条记录
✓ 已保存 A股 数据到 /home/admin/.openclaw/workspace/stock-dashboard/test/stockmarket/data/trades_cn.json (9条交易, 2只持仓)
✓ 已保存 港股 数据到 /home/admin/.openclaw/workspace/stock-dashboard/test/stockmarket/data/trades_hk.json (8条交易, 1只持仓)
✓ 已保存 美股 数据到 /home/admin/.openclaw/workspace/stock-dashboard/test/stockmarket/data/trades_us.json (12条交易, 1只持仓)
✓ 已保存 加股 数据到 /home/admin/.openclaw/workspace/stock-dashboard/test/stockmarket/data/trades_ca.json (5条交易, 2只持仓)
✓ 已保存 数字货币 数据到 /home/admin/.openclaw/workspace/stock-dashboard/test/stockmarket/data/trades_crypto.json (9条交易, 0只持仓)

✅ 同步完成！
📊 从飞书 openclaw 表格同步交易记录...
✓ 读取到 43 条记录
✓ 已保存 A股 数据到 /home/admin/.openclaw/workspace/stock-dashboard/test/stockmarket/data/trades_cn.json (9条交易, 2只持仓)
✓ 已保存 港股 数据到 /home/admin/.openclaw/workspace/stock-dashboard/test/stockmarket/data/trades_hk.json (8条交易, 1只持仓)
✓ 已保存 美股 数据到 /home/admin/.openclaw/workspace/stock-dashboard/test/stockmarket/data/trades_us.json (12条交易, 1只持仓)
✓ 已保存 加股 数据到 /home/admin/.openclaw/workspace/stock-dashboard/test/stockmarket/data/trades_ca.json (5条交易, 2只持仓)
✓ 已保存 数字货币 数据到 /home/admin/.openclaw/workspace/stock-dashboard/test/stockmarket/data/trades_crypto.json (9条交易, 0只持仓)

✅ 同步完成！
📊 从飞书 openclaw 表格同步交易记录...
✓ 读取到 43 条记录
✓ 已保存 A股 数据到 /home/admin/.openclaw/workspace/stock-dashboard/test/stockmarket/data/trades_cn.json (9条交易, 2只持仓)
✓ 已保存 港股 数据到 /home/admin/.openclaw/workspace/stock-dashboard/test/stockmarket/data/trades_hk.json (8条交易, 1只持仓)
✓ 已保存 美股 数据到 /home/admin/.openclaw/workspace/stock-dashboard/test/stockmarket/data/trades_us.json (12条交易, 1只持仓)
✓ 已保存 加股 数据到 /home/admin/.openclaw/workspace/stock-dashboard/test/stockmarket/data/trades_ca.json (5条交易, 2只持仓)
✓ 已保存 数字货币 数据到 /home/admin/.openclaw/workspace/stock-dashboard/test/stockmarket/data/trades_crypto.json (9条交易, 0只持仓)

✅ 同步完成！
📊 从飞书 openclaw 表格同步交易记录...
✓ 读取到 43 条记录
✓ 已保存 A股 数据到 /home/admin/.openclaw/workspace/stock-dashboard/test/stockmarket/data/trades_cn.json (9条交易, 2只持仓)
✓ 已保存 港股 数据到 /home/admin/.openclaw/workspace/stock-dashboard/test/stockmarket/data/trades_hk.json (8条交易, 1只持仓)
✓ 已保存 美股 数据到 /home/admin/.openclaw/workspace/stock-dashboard/test/stockmarket/data/trades_us.json (12条交易, 1只持仓)
✓ 已保存 加股 数据到 /home/admin/.openclaw/workspace/stock-dashboard/test/stockmarket/data/trades_ca.json (5条交易, 2只持仓)
✓ 已保存 数字货币 数据到 /home/admin/.openclaw/workspace/stock-dashboard/test/stockmarket/data/trades_crypto.json (9条交易, 0只持仓)

✅ 同步完成！
📊 从飞书 openclaw 表格同步交易记录...
✓ 读取到 43 条记录
✓ 已保存 A股 数据到 /home/admin/.openclaw/workspace/stock-dashboard/test/stockmarket/data/trades_cn.json (9条交易, 2只持仓)
✓ 已保存 港股 数据到 /home/admin/.openclaw/workspace/stock-dashboard/test/stockmarket/data/trades_hk.json (8条交易, 1只持仓)
✓ 已保存 美股 数据到 /home/admin/.openclaw/workspace/stock-dashboard/test/stockmarket/data/trades_us.json (12条交易, 1只持仓)
✓ 已保存 加股 数据到 /home/admin/.openclaw/workspace/stock-dashboard/test/stockmarket/data/trades_ca.json (5条交易, 2只持仓)
✓ 已保存 数字货币 数据到 /home/admin/.openclaw/workspace/stock-dashboard/test/stockmarket/data/trades_crypto.json (9条交易, 0只持仓)

✅ 同步完成！
📊 从飞书 openclaw 表格同步交易记录...
✓ 读取到 43 条记录
✓ 已保存 A股 数据到 /home/admin/.openclaw/workspace/stock-dashboard/test/stockmarket/data/trades_cn.json (9条交易, 2只持仓)
✓ 已保存 港股 数据到 /home/admin/.openclaw/workspace/stock-dashboard/test/stockmarket/data/trades_hk.json (8条交易, 1只持仓)
✓ 已保存 美股 数据到 /home/admin/.openclaw/workspace/stock-dashboard/test/stockmarket/data/trades_us.json (12条交易, 1只持仓)
✓ 已保存 加股 数据到 /home/admin/.openclaw/workspace/stock-dashboard/test/stockmarket/data/trades_ca.json (5条交易, 2只持仓)
✓ 已保存 数字货币 数据到 /home/admin/.openclaw/workspace/stock-dashboard/test/stockmarket/data/trades_crypto.json (9条交易, 0只持仓)

✅ 同步完成！
📊 从飞书 openclaw 表格同步交易记录...
✓ 读取到 43 条记录
✓ 已保存 A股 数据到 /home/admin/.openclaw/workspace/stock-dashboard/test/stockmarket/data/trades_cn.json (9条交易, 2只持仓)
✓ 已保存 港股 数据到 /home/admin/.openclaw/workspace/stock-dashboard/test/stockmarket/data/trades_hk.json (8条交易, 1只持仓)
✓ 已保存 美股 数据到 /home/admin/.openclaw/workspace/stock-dashboard/test/stockmarket/data/trades_us.json (12条交易, 1只持仓)
✓ 已保存 加股 数据到 /home/admin/.openclaw/workspace/stock-dashboard/test/stockmarket/data/trades_ca.json (5条交易, 2只持仓)
✓ 已保存 数字货币 数据到 /home/admin/.openclaw/workspace/stock-dashboard/test/stockmarket/data/trades_crypto.json (9条交易, 0只持仓)

✅ 同步完成！
📊 从飞书 openclaw 表格同步交易记录...
✓ 读取到 43 条记录
✓ 已保存 A股 数据到 /home/admin/.openclaw/workspace/stock-dashboard/test/stockmarket/data/trades_cn.json (9条交易, 2只持仓)
✓ 已保存 港股 数据到 /home/admin/.openclaw/workspace/stock-dashboard/test/stockmarket/data/trades_hk.json (8条交易, 1只持仓)
✓ 已保存 美股 数据到 /home/admin/.openclaw/workspace/stock-dashboard/test/stockmarket/data/trades_us.json (12条交易, 1只持仓)
✓ 已保存 加股 数据到 /home/admin/.openclaw/workspace/stock-dashboard/test/stockmarket/data/trades_ca.json (5条交易, 2只持仓)
✓ 已保存 数字货币 数据到 /home/admin/.openclaw/workspace/stock-dashboard/test/stockmarket/data/trades_crypto.json (9条交易, 0只持仓)

✅ 同步完成！
📊 从飞书 openclaw 表格同步交易记录...
✓ 读取到 43 条记录
✓ 已保存 A股 数据到 /home/admin/.openclaw/workspace/stock-dashboard/test/stockmarket/data/trades_cn.json (9条交易, 2只持仓)
✓ 已保存 港股 数据到 /home/admin/.openclaw/workspace/stock-dashboard/test/stockmarket/data/trades_hk.json (8条交易, 1只持仓)
✓ 已保存 美股 数据到 /home/admin/.openclaw/workspace/stock-dashboard/test/stockmarket/data/trades_us.json (12条交易, 1只持仓)
✓ 已保存 加股 数据到 /home/admin/.openclaw/workspace/stock-dashboard/test/stockmarket/data/trades_ca.json (5条交易, 2只持仓)
✓ 已保存 数字货币 数据到 /home/admin/.openclaw/workspace/stock-dashboard/test/stockmarket/data/trades_crypto.json (9条交易, 0只持仓)

✅ 同步完成！
📊 从飞书 openclaw 表格同步交易记录...
✓ 读取到 43 条记录
✓ 已保存 A股 数据到 /home/admin/.openclaw/workspace/stock-dashboard/test/stockmarket/data/trades_cn.json (9条交易, 2只持仓)
✓ 已保存 港股 数据到 /home/admin/.openclaw/workspace/stock-dashboard/test/stockmarket/data/trades_hk.json (8条交易, 1只持仓)
✓ 已保存 美股 数据到 /home/admin/.openclaw/workspace/stock-dashboard/test/stockmarket/data/trades_us.json (12条交易, 1只持仓)
✓ 已保存 加股 数据到 /home/admin/.openclaw/workspace/stock-dashboard/test/stockmarket/data/trades_ca.json (5条交易, 2只持仓)
✓ 已保存 数字货币 数据到 /home/admin/.openclaw/workspace/stock-dashboard/test/stockmarket/data/trades_crypto.json (9条交易, 0只持仓)

✅ 同步完成！
📊 从飞书 openclaw 表格同步交易记录...
✓ 读取到 43 条记录
✓ 已保存 A股 数据到 /home/admin/.openclaw/workspace/stock-dashboard/test/stockmarket/data/trades_cn.json (9条交易, 2只持仓)
✓ 已保存 港股 数据到 /home/admin/.openclaw/workspace/stock-dashboard/test/stockmarket/data/trades_hk.json (8条交易, 1只持仓)
✓ 已保存 美股 数据到 /home/admin/.openclaw/workspace/stock-dashboard/test/stockmarket/data/trades_us.json (12条交易, 1只持仓)
✓ 已保存 加股 数据到 /home/admin/.openclaw/workspace/stock-dashboard/test/stockmarket/data/trades_ca.json (5条交易, 2只持仓)
✓ 已保存 数字货币 数据到 /home/admin/.openclaw/workspace/stock-dashboard/test/stockmarket/data/trades_crypto.json (9条交易, 0只持仓)

✅ 同步完成！
📊 从飞书 openclaw 表格同步交易记录...
✓ 读取到 43 条记录
✓ 已保存 A股 数据到 /home/admin/.openclaw/workspace/stock-dashboard/test/stockmarket/data/trades_cn.json (9条交易, 2只持仓)
✓ 已保存 港股 数据到 /home/admin/.openclaw/workspace/stock-dashboard/test/stockmarket/data/trades_hk.json (8条交易, 1只持仓)
✓ 已保存 美股 数据到 /home/admin/.openclaw/workspace/stock-dashboard/test/stockmarket/data/trades_us.json (12条交易, 1只持仓)
✓ 已保存 加股 数据到 /home/admin/.openclaw/workspace/stock-dashboard/test/stockmarket/data/trades_ca.json (5条交易, 2只持仓)
✓ 已保存 数字货币 数据到 /home/admin/.openclaw/workspace/stock-dashboard/test/stockmarket/data/trades_crypto.json (9条交易, 0只持仓)

✅ 同步完成！
📊 从飞书 openclaw 表格同步交易记录...
✓ 读取到 43 条记录
✓ 已保存 A股 数据到 /home/admin/.openclaw/workspace/stock-dashboard/test/stockmarket/data/trades_cn.json (9条交易, 2只持仓)
✓ 已保存 港股 数据到 /home/admin/.openclaw/workspace/stock-dashboard/test/stockmarket/data/trades_hk.json (8条交易, 1只持仓)
✓ 已保存 美股 数据到 /home/admin/.openclaw/workspace/stock-dashboard/test/stockmarket/data/trades_us.json (12条交易, 1只持仓)
✓ 已保存 加股 数据到 /home/admin/.openclaw/workspace/stock-dashboard/test/stockmarket/data/trades_ca.json (5条交易, 2只持仓)
✓ 已保存 数字货币 数据到 /home/admin/.openclaw/workspace/stock-dashboard/test/stockmarket/data/trades_crypto.json (9条交易, 0只持仓)

✅ 同步完成！
📊 从飞书 openclaw 表格同步交易记录...
✓ 读取到 43 条记录
✓ 已保存 A股 数据到 /home/admin/.openclaw/workspace/stock-dashboard/test/stockmarket/data/trades_cn.json (9条交易, 2只持仓)
✓ 已保存 港股 数据到 /home/admin/.openclaw/workspace/stock-dashboard/test/stockmarket/data/trades_hk.json (8条交易, 1只持仓)
✓ 已保存 美股 数据到 /home/admin/.openclaw/workspace/stock-dashboard/test/stockmarket/data/trades_us.json (12条交易, 1只持仓)
✓ 已保存 加股 数据到 /home/admin/.openclaw/workspace/stock-dashboard/test/stockmarket/data/trades_ca.json (5条交易, 2只持仓)
✓ 已保存 数字货币 数据到 /home/admin/.openclaw/workspace/stock-dashboard/test/stockmarket/data/trades_crypto.json (9条交易, 0只持仓)

✅ 同步完成！
📊 从飞书 openclaw 表格同步交易记录...
✓ 读取到 43 条记录
✓ 已保存 A股 数据到 /home/admin/.openclaw/workspace/stock-dashboard/test/stockmarket/data/trades_cn.json (9条交易, 2只持仓)
✓ 已保存 港股 数据到 /home/admin/.openclaw/workspace/stock-dashboard/test/stockmarket/data/trades_hk.json (8条交易, 1只持仓)
✓ 已保存 美股 数据到 /home/admin/.openclaw/workspace/stock-dashboard/test/stockmarket/data/trades_us.json (12条交易, 1只持仓)
✓ 已保存 加股 数据到 /home/admin/.openclaw/workspace/stock-dashboard/test/stockmarket/data/trades_ca.json (5条交易, 2只持仓)
✓ 已保存 数字货币 数据到 /home/admin/.openclaw/workspace/stock-dashboard/test/stockmarket/data/trades_crypto.json (9条交易, 0只持仓)

✅ 同步完成！
📊 从飞书 openclaw 表格同步交易记录...
✓ 读取到 43 条记录
✓ 已保存 A股 数据到 /home/admin/.openclaw/workspace/stock-dashboard/test/stockmarket/data/trades_cn.json (9条交易, 2只持仓)
✓ 已保存 港股 数据到 /home/admin/.openclaw/workspace/stock-dashboard/test/stockmarket/data/trades_hk.json (8条交易, 1只持仓)
✓ 已保存 美股 数据到 /home/admin/.openclaw/workspace/stock-dashboard/test/stockmarket/data/trades_us.json (12条交易, 1只持仓)
✓ 已保存 加股 数据到 /home/admin/.openclaw/workspace/stock-dashboard/test/stockmarket/data/trades_ca.json (5条交易, 2只持仓)
✓ 已保存 数字货币 数据到 /home/admin/.openclaw/workspace/stock-dashboard/test/stockmarket/data/trades_crypto.json (9条交易, 0只持仓)

✅ 同步完成！
📊 从飞书 openclaw 表格同步交易记录...
✓ 读取到 43 条记录
✓ 已保存 A股 数据到 /home/admin/.openclaw/workspace/stock-dashboard/test/stockmarket/data/trades_cn.json (9条交易, 2只持仓)
✓ 已保存 港股 数据到 /home/admin/.openclaw/workspace/stock-dashboard/test/stockmarket/data/trades_hk.json (8条交易, 1只持仓)
✓ 已保存 美股 数据到 /home/admin/.openclaw/workspace/stock-dashboard/test/stockmarket/data/trades_us.json (12条交易, 1只持仓)
✓ 已保存 加股 数据到 /home/admin/.openclaw/workspace/stock-dashboard/test/stockmarket/data/trades_ca.json (5条交易, 2只持仓)
✓ 已保存 数字货币 数据到 /home/admin/.openclaw/workspace/stock-dashboard/test/stockmarket/data/trades_crypto.json (9条交易, 0只持仓)

✅ 同步完成！
📊 从飞书 openclaw 表格同步交易记录...
✓ 读取到 43 条记录
✓ 已保存 A股 数据到 /home/admin/.openclaw/workspace/stock-dashboard/test/stockmarket/data/trades_cn.json (9条交易, 2只持仓)
✓ 已保存 港股 数据到 /home/admin/.openclaw/workspace/stock-dashboard/test/stockmarket/data/trades_hk.json (8条交易, 1只持仓)
✓ 已保存 美股 数据到 /home/admin/.openclaw/workspace/stock-dashboard/test/stockmarket/data/trades_us.json (12条交易, 1只持仓)
✓ 已保存 加股 数据到 /home/admin/.openclaw/workspace/stock-dashboard/test/stockmarket/data/trades_ca.json (5条交易, 2只持仓)
✓ 已保存 数字货币 数据到 /home/admin/.openclaw/workspace/stock-dashboard/test/stockmarket/data/trades_crypto.json (9条交易, 0只持仓)

✅ 同步完成！
📊 从飞书 openclaw 表格同步交易记录...
✓ 读取到 43 条记录
✓ 已保存 A股 数据到 /home/admin/.openclaw/workspace/stock-dashboard/test/stockmarket/data/trades_cn.json (9条交易, 2只持仓)
✓ 已保存 港股 数据到 /home/admin/.openclaw/workspace/stock-dashboard/test/stockmarket/data/trades_hk.json (8条交易, 1只持仓)
✓ 已保存 美股 数据到 /home/admin/.openclaw/workspace/stock-dashboard/test/stockmarket/data/trades_us.json (12条交易, 1只持仓)
✓ 已保存 加股 数据到 /home/admin/.openclaw/workspace/stock-dashboard/test/stockmarket/data/trades_ca.json (5条交易, 2只持仓)
✓ 已保存 数字货币 数据到 /home/admin/.openclaw/workspace/stock-dashboard/test/stockmarket/data/trades_crypto.json (9条交易, 0只持仓)

✅ 同步完成！
📊 从飞书 openclaw 表格同步交易记录...
✓ 读取到 43 条记录
✓ 已保存 A股 数据到 /home/admin/.openclaw/workspace/stock-dashboard/test/stockmarket/data/trades_cn.json (9条交易, 2只持仓)
✓ 已保存 港股 数据到 /home/admin/.openclaw/workspace/stock-dashboard/test/stockmarket/data/trades_hk.json (8条交易, 1只持仓)
✓ 已保存 美股 数据到 /home/admin/.openclaw/workspace/stock-dashboard/test/stockmarket/data/trades_us.json (12条交易, 1只持仓)
✓ 已保存 加股 数据到 /home/admin/.openclaw/workspace/stock-dashboard/test/stockmarket/data/trades_ca.json (5条交易, 2只持仓)
✓ 已保存 数字货币 数据到 /home/admin/.openclaw/workspace/stock-dashboard/test/stockmarket/data/trades_crypto.json (9条交易, 0只持仓)

✅ 同步完成！
📊 从飞书 openclaw 表格同步交易记录...
✓ 读取到 43 条记录
✓ 已保存 A股 数据到 /home/admin/.openclaw/workspace/stock-dashboard/test/stockmarket/data/trades_cn.json (9条交易, 2只持仓)
✓ 已保存 港股 数据到 /home/admin/.openclaw/workspace/stock-dashboard/test/stockmarket/data/trades_hk.json (8条交易, 1只持仓)
✓ 已保存 美股 数据到 /home/admin/.openclaw/workspace/stock-dashboard/test/stockmarket/data/trades_us.json (12条交易, 1只持仓)
✓ 已保存 加股 数据到 /home/admin/.openclaw/workspace/stock-dashboard/test/stockmarket/data/trades_ca.json (5条交易, 2只持仓)
✓ 已保存 数字货币 数据到 /home/admin/.openclaw/workspace/stock-dashboard/test/stockmarket/data/trades_crypto.json (9条交易, 0只持仓)

✅ 同步完成！
📊 从飞书 openclaw 表格同步交易记录...
✓ 读取到 43 条记录
✓ 已保存 A股 数据到 /home/admin/.openclaw/workspace/stock-dashboard/test/stockmarket/data/trades_cn.json (9条交易, 2只持仓)
✓ 已保存 港股 数据到 /home/admin/.openclaw/workspace/stock-dashboard/test/stockmarket/data/trades_hk.json (8条交易, 1只持仓)
✓ 已保存 美股 数据到 /home/admin/.openclaw/workspace/stock-dashboard/test/stockmarket/data/trades_us.json (12条交易, 1只持仓)
✓ 已保存 加股 数据到 /home/admin/.openclaw/workspace/stock-dashboard/test/stockmarket/data/trades_ca.json (5条交易, 2只持仓)
✓ 已保存 数字货币 数据到 /home/admin/.openclaw/workspace/stock-dashboard/test/stockmarket/data/trades_crypto.json (9条交易, 0只持仓)

✅ 同步完成！
📊 从飞书 openclaw 表格同步交易记录...
✓ 读取到 43 条记录
✓ 已保存 A股 数据到 /home/admin/.openclaw/workspace/stock-dashboard/test/stockmarket/data/trades_cn.json (9条交易, 2只持仓)
✓ 已保存 港股 数据到 /home/admin/.openclaw/workspace/stock-dashboard/test/stockmarket/data/trades_hk.json (8条交易, 1只持仓)
✓ 已保存 美股 数据到 /home/admin/.openclaw/workspace/stock-dashboard/test/stockmarket/data/trades_us.json (12条交易, 1只持仓)
✓ 已保存 加股 数据到 /home/admin/.openclaw/workspace/stock-dashboard/test/stockmarket/data/trades_ca.json (5条交易, 2只持仓)
✓ 已保存 数字货币 数据到 /home/admin/.openclaw/workspace/stock-dashboard/test/stockmarket/data/trades_crypto.json (9条交易, 0只持仓)

✅ 同步完成！
📊 从飞书 openclaw 表格同步交易记录...
✓ 读取到 43 条记录
✓ 已保存 A股 数据到 /home/admin/.openclaw/workspace/stock-dashboard/test/stockmarket/data/trades_cn.json (9条交易, 2只持仓)
✓ 已保存 港股 数据到 /home/admin/.openclaw/workspace/stock-dashboard/test/stockmarket/data/trades_hk.json (8条交易, 1只持仓)
✓ 已保存 美股 数据到 /home/admin/.openclaw/workspace/stock-dashboard/test/stockmarket/data/trades_us.json (12条交易, 1只持仓)
✓ 已保存 加股 数据到 /home/admin/.openclaw/workspace/stock-dashboard/test/stockmarket/data/trades_ca.json (5条交易, 2只持仓)
✓ 已保存 数字货币 数据到 /home/admin/.openclaw/workspace/stock-dashboard/test/stockmarket/data/trades_crypto.json (9条交易, 0只持仓)

✅ 同步完成！
📊 从飞书 openclaw 表格同步交易记录...
✓ 读取到 44 条记录
✓ 已保存 A股 数据到 /home/admin/.openclaw/workspace/stock-dashboard/test/stockmarket/data/trades_cn.json (9条交易, 2只持仓)
✓ 已保存 港股 数据到 /home/admin/.openclaw/workspace/stock-dashboard/test/stockmarket/data/trades_hk.json (8条交易, 1只持仓)
✓ 已保存 美股 数据到 /home/admin/.openclaw/workspace/stock-dashboard/test/stockmarket/data/trades_us.json (13条交易, 1只持仓)
✓ 已保存 加股 数据到 /home/admin/.openclaw/workspace/stock-dashboard/test/stockmarket/data/trades_ca.json (5条交易, 2只持仓)
✓ 已保存 数字货币 数据到 /home/admin/.openclaw/workspace/stock-dashboard/test/stockmarket/data/trades_crypto.json (9条交易, 0只持仓)

✅ 同步完成！
📊 从飞书 openclaw 表格同步交易记录...
✓ 读取到 44 条记录
✓ 已保存 A股 数据到 /home/admin/.openclaw/workspace/stock-dashboard/test/stockmarket/data/trades_cn.json (9条交易, 2只持仓)
✓ 已保存 港股 数据到 /home/admin/.openclaw/workspace/stock-dashboard/test/stockmarket/data/trades_hk.json (8条交易, 1只持仓)
✓ 已保存 美股 数据到 /home/admin/.openclaw/workspace/stock-dashboard/test/stockmarket/data/trades_us.json (13条交易, 1只持仓)
✓ 已保存 加股 数据到 /home/admin/.openclaw/workspace/stock-dashboard/test/stockmarket/data/trades_ca.json (5条交易, 2只持仓)
✓ 已保存 数字货币 数据到 /home/admin/.openclaw/workspace/stock-dashboard/test/stockmarket/data/trades_crypto.json (9条交易, 0只持仓)

✅ 同步完成！
📊 从飞书 openclaw 表格同步交易记录...
✓ 读取到 44 条记录
✓ 已保存 A股 数据到 /home/admin/.openclaw/workspace/stock-dashboard/test/stockmarket/data/trades_cn.json (9条交易, 2只持仓)
✓ 已保存 港股 数据到 /home/admin/.openclaw/workspace/stock-dashboard/test/stockmarket/data/trades_hk.json (8条交易, 1只持仓)
✓ 已保存 美股 数据到 /home/admin/.openclaw/workspace/stock-dashboard/test/stockmarket/data/trades_us.json (13条交易, 1只持仓)
✓ 已保存 加股 数据到 /home/admin/.openclaw/workspace/stock-dashboard/test/stockmarket/data/trades_ca.json (5条交易, 2只持仓)
✓ 已保存 数字货币 数据到 /home/admin/.openclaw/workspace/stock-dashboard/test/stockmarket/data/trades_crypto.json (9条交易, 0只持仓)

✅ 同步完成！
📊 从飞书 openclaw 表格同步交易记录...
✓ 读取到 44 条记录
✓ 已保存 A股 数据到 /home/admin/.openclaw/workspace/stock-dashboard/test/stockmarket/data/trades_cn.json (9条交易, 2只持仓)
✓ 已保存 港股 数据到 /home/admin/.openclaw/workspace/stock-dashboard/test/stockmarket/data/trades_hk.json (8条交易, 1只持仓)
✓ 已保存 美股 数据到 /home/admin/.openclaw/workspace/stock-dashboard/test/stockmarket/data/trades_us.json (13条交易, 1只持仓)
✓ 已保存 加股 数据到 /home/admin/.openclaw/workspace/stock-dashboard/test/stockmarket/data/trades_ca.json (5条交易, 2只持仓)
✓ 已保存 数字货币 数据到 /home/admin/.openclaw/workspace/stock-dashboard/test/stockmarket/data/trades_crypto.json (9条交易, 0只持仓)

✅ 同步完成！
📊 从飞书 openclaw 表格同步交易记录...
✓ 读取到 44 条记录
✓ 已保存 A股 数据到 /home/admin/.openclaw/workspace/stock-dashboard/test/stockmarket/data/trades_cn.json (9条交易, 2只持仓)
✓ 已保存 港股 数据到 /home/admin/.openclaw/workspace/stock-dashboard/test/stockmarket/data/trades_hk.json (8条交易, 1只持仓)
✓ 已保存 美股 数据到 /home/admin/.openclaw/workspace/stock-dashboard/test/stockmarket/data/trades_us.json (13条交易, 1只持仓)
✓ 已保存 加股 数据到 /home/admin/.openclaw/workspace/stock-dashboard/test/stockmarket/data/trades_ca.json (5条交易, 2只持仓)
✓ 已保存 数字货币 数据到 /home/admin/.openclaw/workspace/stock-dashboard/test/stockmarket/data/trades_crypto.json (9条交易, 0只持仓)

✅ 同步完成！
📊 从飞书 openclaw 表格同步交易记录...
✓ 读取到 44 条记录
✓ 已保存 A股 数据到 /home/admin/.openclaw/workspace/stock-dashboard/test/stockmarket/data/trades_cn.json (9条交易, 2只持仓)
✓ 已保存 港股 数据到 /home/admin/.openclaw/workspace/stock-dashboard/test/stockmarket/data/trades_hk.json (8条交易, 1只持仓)
✓ 已保存 美股 数据到 /home/admin/.openclaw/workspace/stock-dashboard/test/stockmarket/data/trades_us.json (13条交易, 1只持仓)
✓ 已保存 加股 数据到 /home/admin/.openclaw/workspace/stock-dashboard/test/stockmarket/data/trades_ca.json (5条交易, 2只持仓)
✓ 已保存 数字货币 数据到 /home/admin/.openclaw/workspace/stock-dashboard/test/stockmarket/data/trades_crypto.json (9条交易, 0只持仓)

✅ 同步完成！
📊 从飞书 openclaw 表格同步交易记录...
✓ 读取到 44 条记录
✓ 已保存 A股 数据到 /home/admin/.openclaw/workspace/stock-dashboard/test/stockmarket/data/trades_cn.json (9条交易, 2只持仓)
✓ 已保存 港股 数据到 /home/admin/.openclaw/workspace/stock-dashboard/test/stockmarket/data/trades_hk.json (8条交易, 1只持仓)
✓ 已保存 美股 数据到 /home/admin/.openclaw/workspace/stock-dashboard/test/stockmarket/data/trades_us.json (13条交易, 1只持仓)
✓ 已保存 加股 数据到 /home/admin/.openclaw/workspace/stock-dashboard/test/stockmarket/data/trades_ca.json (5条交易, 2只持仓)
✓ 已保存 数字货币 数据到 /home/admin/.openclaw/workspace/stock-dashboard/test/stockmarket/data/trades_crypto.json (9条交易, 0只持仓)

✅ 同步完成！
📊 从飞书 openclaw 表格同步交易记录...
✓ 读取到 44 条记录
✓ 已保存 A股 数据到 /home/admin/.openclaw/workspace/stock-dashboard/test/stockmarket/data/trades_cn.json (9条交易, 2只持仓)
✓ 已保存 港股 数据到 /home/admin/.openclaw/workspace/stock-dashboard/test/stockmarket/data/trades_hk.json (8条交易, 1只持仓)
✓ 已保存 美股 数据到 /home/admin/.openclaw/workspace/stock-dashboard/test/stockmarket/data/trades_us.json (13条交易, 1只持仓)
✓ 已保存 加股 数据到 /home/admin/.openclaw/workspace/stock-dashboard/test/stockmarket/data/trades_ca.json (5条交易, 2只持仓)
✓ 已保存 数字货币 数据到 /home/admin/.openclaw/workspace/stock-dashboard/test/stockmarket/data/trades_crypto.json (9条交易, 0只持仓)

✅ 同步完成！
📊 从飞书 openclaw 表格同步交易记录...
✓ 读取到 44 条记录
✓ 已保存 A股 数据到 /home/admin/.openclaw/workspace/stock-dashboard/test/stockmarket/data/trades_cn.json (9条交易, 2只持仓)
✓ 已保存 港股 数据到 /home/admin/.openclaw/workspace/stock-dashboard/test/stockmarket/data/trades_hk.json (8条交易, 1只持仓)
✓ 已保存 美股 数据到 /home/admin/.openclaw/workspace/stock-dashboard/test/stockmarket/data/trades_us.json (13条交易, 1只持仓)
✓ 已保存 加股 数据到 /home/admin/.openclaw/workspace/stock-dashboard/test/stockmarket/data/trades_ca.json (5条交易, 2只持仓)
✓ 已保存 数字货币 数据到 /home/admin/.openclaw/workspace/stock-dashboard/test/stockmarket/data/trades_crypto.json (9条交易, 0只持仓)

✅ 同步完成！
📊 从飞书 openclaw 表格同步交易记录...
✓ 读取到 44 条记录
✓ 已保存 A股 数据到 /home/admin/.openclaw/workspace/stock-dashboard/test/stockmarket/data/trades_cn.json (9条交易, 2只持仓)
✓ 已保存 港股 数据到 /home/admin/.openclaw/workspace/stock-dashboard/test/stockmarket/data/trades_hk.json (8条交易, 1只持仓)
✓ 已保存 美股 数据到 /home/admin/.openclaw/workspace/stock-dashboard/test/stockmarket/data/trades_us.json (13条交易, 1只持仓)
✓ 已保存 加股 数据到 /home/admin/.openclaw/workspace/stock-dashboard/test/stockmarket/data/trades_ca.json (5条交易, 2只持仓)
✓ 已保存 数字货币 数据到 /home/admin/.openclaw/workspace/stock-dashboard/test/stockmarket/data/trades_crypto.json (9条交易, 0只持仓)

✅ 同步完成！
📊 从飞书 openclaw 表格同步交易记录...
✓ 读取到 44 条记录
✓ 已保存 A股 数据到 /home/admin/.openclaw/workspace/stock-dashboard/test/stockmarket/data/trades_cn.json (9条交易, 2只持仓)
✓ 已保存 港股 数据到 /home/admin/.openclaw/workspace/stock-dashboard/test/stockmarket/data/trades_hk.json (8条交易, 1只持仓)
✓ 已保存 美股 数据到 /home/admin/.openclaw/workspace/stock-dashboard/test/stockmarket/data/trades_us.json (13条交易, 1只持仓)
✓ 已保存 加股 数据到 /home/admin/.openclaw/workspace/stock-dashboard/test/stockmarket/data/trades_ca.json (5条交易, 2只持仓)
✓ 已保存 数字货币 数据到 /home/admin/.openclaw/workspace/stock-dashboard/test/stockmarket/data/trades_crypto.json (9条交易, 0只持仓)

✅ 同步完成！
📊 从飞书 openclaw 表格同步交易记录...
✓ 读取到 44 条记录
✓ 已保存 A股 数据到 /home/admin/.openclaw/workspace/stock-dashboard/test/stockmarket/data/trades_cn.json (9条交易, 2只持仓)
✓ 已保存 港股 数据到 /home/admin/.openclaw/workspace/stock-dashboard/test/stockmarket/data/trades_hk.json (8条交易, 1只持仓)
✓ 已保存 美股 数据到 /home/admin/.openclaw/workspace/stock-dashboard/test/stockmarket/data/trades_us.json (13条交易, 1只持仓)
✓ 已保存 加股 数据到 /home/admin/.openclaw/workspace/stock-dashboard/test/stockmarket/data/trades_ca.json (5条交易, 2只持仓)
✓ 已保存 数字货币 数据到 /home/admin/.openclaw/workspace/stock-dashboard/test/stockmarket/data/trades_crypto.json (9条交易, 0只持仓)

✅ 同步完成！
📊 从飞书 openclaw 表格同步交易记录...
✓ 读取到 44 条记录
✓ 已保存 A股 数据到 /home/admin/.openclaw/workspace/stock-dashboard/test/stockmarket/data/trades_cn.json (9条交易, 2只持仓)
✓ 已保存 港股 数据到 /home/admin/.openclaw/workspace/stock-dashboard/test/stockmarket/data/trades_hk.json (8条交易, 1只持仓)
✓ 已保存 美股 数据到 /home/admin/.openclaw/workspace/stock-dashboard/test/stockmarket/data/trades_us.json (13条交易, 1只持仓)
✓ 已保存 加股 数据到 /home/admin/.openclaw/workspace/stock-dashboard/test/stockmarket/data/trades_ca.json (5条交易, 2只持仓)
✓ 已保存 数字货币 数据到 /home/admin/.openclaw/workspace/stock-dashboard/test/stockmarket/data/trades_crypto.json (9条交易, 0只持仓)

✅ 同步完成！
📊 从飞书 openclaw 表格同步交易记录...
✓ 读取到 44 条记录
✓ 已保存 A股 数据到 /home/admin/.openclaw/workspace/stock-dashboard/test/stockmarket/data/trades_cn.json (9条交易, 2只持仓)
✓ 已保存 港股 数据到 /home/admin/.openclaw/workspace/stock-dashboard/test/stockmarket/data/trades_hk.json (8条交易, 1只持仓)
✓ 已保存 美股 数据到 /home/admin/.openclaw/workspace/stock-dashboard/test/stockmarket/data/trades_us.json (13条交易, 1只持仓)
✓ 已保存 加股 数据到 /home/admin/.openclaw/workspace/stock-dashboard/test/stockmarket/data/trades_ca.json (5条交易, 2只持仓)
✓ 已保存 数字货币 数据到 /home/admin/.openclaw/workspace/stock-dashboard/test/stockmarket/data/trades_crypto.json (9条交易, 0只持仓)

✅ 同步完成！
📊 从飞书 openclaw 表格同步交易记录...
✓ 读取到 44 条记录
✓ 已保存 A股 数据到 /home/admin/.openclaw/workspace/stock-dashboard/test/stockmarket/data/trades_cn.json (9条交易, 2只持仓)
✓ 已保存 港股 数据到 /home/admin/.openclaw/workspace/stock-dashboard/test/stockmarket/data/trades_hk.json (8条交易, 1只持仓)
✓ 已保存 美股 数据到 /home/admin/.openclaw/workspace/stock-dashboard/test/stockmarket/data/trades_us.json (13条交易, 1只持仓)
✓ 已保存 加股 数据到 /home/admin/.openclaw/workspace/stock-dashboard/test/stockmarket/data/trades_ca.json (5条交易, 2只持仓)
✓ 已保存 数字货币 数据到 /home/admin/.openclaw/workspace/stock-dashboard/test/stockmarket/data/trades_crypto.json (9条交易, 0只持仓)

✅ 同步完成！
📊 从飞书 openclaw 表格同步交易记录...
✓ 读取到 44 条记录
✓ 已保存 A股 数据到 /home/admin/.openclaw/workspace/stock-dashboard/test/stockmarket/data/trades_cn.json (9条交易, 2只持仓)
✓ 已保存 港股 数据到 /home/admin/.openclaw/workspace/stock-dashboard/test/stockmarket/data/trades_hk.json (8条交易, 1只持仓)
✓ 已保存 美股 数据到 /home/admin/.openclaw/workspace/stock-dashboard/test/stockmarket/data/trades_us.json (13条交易, 1只持仓)
✓ 已保存 加股 数据到 /home/admin/.openclaw/workspace/stock-dashboard/test/stockmarket/data/trades_ca.json (5条交易, 2只持仓)
✓ 已保存 数字货币 数据到 /home/admin/.openclaw/workspace/stock-dashboard/test/stockmarket/data/trades_crypto.json (9条交易, 0只持仓)

✅ 同步完成！
📊 从飞书 openclaw 表格同步交易记录...
✓ 读取到 44 条记录
✓ 已保存 A股 数据到 /home/admin/.openclaw/workspace/stock-dashboard/test/stockmarket/data/trades_cn.json (9条交易, 2只持仓)
✓ 已保存 港股 数据到 /home/admin/.openclaw/workspace/stock-dashboard/test/stockmarket/data/trades_hk.json (8条交易, 1只持仓)
✓ 已保存 美股 数据到 /home/admin/.openclaw/workspace/stock-dashboard/test/stockmarket/data/trades_us.json (13条交易, 1只持仓)
✓ 已保存 加股 数据到 /home/admin/.openclaw/workspace/stock-dashboard/test/stockmarket/data/trades_ca.json (5条交易, 2只持仓)
✓ 已保存 数字货币 数据到 /home/admin/.openclaw/workspace/stock-dashboard/test/stockmarket/data/trades_crypto.json (9条交易, 0只持仓)

✅ 同步完成！
📊 从飞书 openclaw 表格同步交易记录...
✓ 读取到 44 条记录
✓ 已保存 A股 数据到 /home/admin/.openclaw/workspace/stock-dashboard/test/stockmarket/data/trades_cn.json (9条交易, 2只持仓)
✓ 已保存 港股 数据到 /home/admin/.openclaw/workspace/stock-dashboard/test/stockmarket/data/trades_hk.json (8条交易, 1只持仓)
✓ 已保存 美股 数据到 /home/admin/.openclaw/workspace/stock-dashboard/test/stockmarket/data/trades_us.json (13条交易, 1只持仓)
✓ 已保存 加股 数据到 /home/admin/.openclaw/workspace/stock-dashboard/test/stockmarket/data/trades_ca.json (5条交易, 2只持仓)
✓ 已保存 数字货币 数据到 /home/admin/.openclaw/workspace/stock-dashboard/test/stockmarket/data/trades_crypto.json (9条交易, 0只持仓)

✅ 同步完成！
📊 从飞书 openclaw 表格同步交易记录...
✓ 读取到 44 条记录
✓ 已保存 A股 数据到 /home/admin/.openclaw/workspace/stock-dashboard/test/stockmarket/data/trades_cn.json (9条交易, 2只持仓)
✓ 已保存 港股 数据到 /home/admin/.openclaw/workspace/stock-dashboard/test/stockmarket/data/trades_hk.json (8条交易, 1只持仓)
✓ 已保存 美股 数据到 /home/admin/.openclaw/workspace/stock-dashboard/test/stockmarket/data/trades_us.json (13条交易, 1只持仓)
✓ 已保存 加股 数据到 /home/admin/.openclaw/workspace/stock-dashboard/test/stockmarket/data/trades_ca.json (5条交易, 2只持仓)
✓ 已保存 数字货币 数据到 /home/admin/.openclaw/workspace/stock-dashboard/test/stockmarket/data/trades_crypto.json (9条交易, 0只持仓)

✅ 同步完成！
📊 从飞书 openclaw 表格同步交易记录...
✓ 读取到 44 条记录
✓ 已保存 A股 数据到 /home/admin/.openclaw/workspace/stock-dashboard/test/stockmarket/data/trades_cn.json (9条交易, 2只持仓)
✓ 已保存 港股 数据到 /home/admin/.openclaw/workspace/stock-dashboard/test/stockmarket/data/trades_hk.json (8条交易, 1只持仓)
✓ 已保存 美股 数据到 /home/admin/.openclaw/workspace/stock-dashboard/test/stockmarket/data/trades_us.json (13条交易, 1只持仓)
✓ 已保存 加股 数据到 /home/admin/.openclaw/workspace/stock-dashboard/test/stockmarket/data/trades_ca.json (5条交易, 2只持仓)
✓ 已保存 数字货币 数据到 /home/admin/.openclaw/workspace/stock-dashboard/test/stockmarket/data/trades_crypto.json (9条交易, 0只持仓)

✅ 同步完成！
📊 从飞书 openclaw 表格同步交易记录...
✓ 读取到 44 条记录
✓ 已保存 A股 数据到 /home/admin/.openclaw/workspace/stock-dashboard/test/stockmarket/data/trades_cn.json (9条交易, 2只持仓)
✓ 已保存 港股 数据到 /home/admin/.openclaw/workspace/stock-dashboard/test/stockmarket/data/trades_hk.json (8条交易, 1只持仓)
✓ 已保存 美股 数据到 /home/admin/.openclaw/workspace/stock-dashboard/test/stockmarket/data/trades_us.json (13条交易, 1只持仓)
✓ 已保存 加股 数据到 /home/admin/.openclaw/workspace/stock-dashboard/test/stockmarket/data/trades_ca.json (5条交易, 2只持仓)
✓ 已保存 数字货币 数据到 /home/admin/.openclaw/workspace/stock-dashboard/test/stockmarket/data/trades_crypto.json (9条交易, 0只持仓)

✅ 同步完成！
📊 从飞书 openclaw 表格同步交易记录...
✓ 读取到 44 条记录
✓ 已保存 A股 数据到 /home/admin/.openclaw/workspace/stock-dashboard/test/stockmarket/data/trades_cn.json (9条交易, 2只持仓)
✓ 已保存 港股 数据到 /home/admin/.openclaw/workspace/stock-dashboard/test/stockmarket/data/trades_hk.json (8条交易, 1只持仓)
✓ 已保存 美股 数据到 /home/admin/.openclaw/workspace/stock-dashboard/test/stockmarket/data/trades_us.json (13条交易, 1只持仓)
✓ 已保存 加股 数据到 /home/admin/.openclaw/workspace/stock-dashboard/test/stockmarket/data/trades_ca.json (5条交易, 2只持仓)
✓ 已保存 数字货币 数据到 /home/admin/.openclaw/workspace/stock-dashboard/test/stockmarket/data/trades_crypto.json (9条交易, 0只持仓)

✅ 同步完成！
📊 从飞书 openclaw 表格同步交易记录...
✓ 读取到 44 条记录
✓ 已保存 A股 数据到 /home/admin/.openclaw/workspace/stock-dashboard/test/stockmarket/data/trades_cn.json (9条交易, 2只持仓)
✓ 已保存 港股 数据到 /home/admin/.openclaw/workspace/stock-dashboard/test/stockmarket/data/trades_hk.json (8条交易, 1只持仓)
✓ 已保存 美股 数据到 /home/admin/.openclaw/workspace/stock-dashboard/test/stockmarket/data/trades_us.json (13条交易, 1只持仓)
✓ 已保存 加股 数据到 /home/admin/.openclaw/workspace/stock-dashboard/test/stockmarket/data/trades_ca.json (5条交易, 2只持仓)
✓ 已保存 数字货币 数据到 /home/admin/.openclaw/workspace/stock-dashboard/test/stockmarket/data/trades_crypto.json (9条交易, 0只持仓)

✅ 同步完成！
📊 从飞书 openclaw 表格同步交易记录...
✓ 读取到 44 条记录
✓ 已保存 A股 数据到 /home/admin/.openclaw/workspace/stock-dashboard/test/stockmarket/data/trades_cn.json (9条交易, 2只持仓)
✓ 已保存 港股 数据到 /home/admin/.openclaw/workspace/stock-dashboard/test/stockmarket/data/trades_hk.json (8条交易, 1只持仓)
✓ 已保存 美股 数据到 /home/admin/.openclaw/workspace/stock-dashboard/test/stockmarket/data/trades_us.json (13条交易, 1只持仓)
✓ 已保存 加股 数据到 /home/admin/.openclaw/workspace/stock-dashboard/test/stockmarket/data/trades_ca.json (5条交易, 2只持仓)
✓ 已保存 数字货币 数据到 /home/admin/.openclaw/workspace/stock-dashboard/test/stockmarket/data/trades_crypto.json (9条交易, 0只持仓)

✅ 同步完成！
📊 从飞书 openclaw 表格同步交易记录...
✓ 读取到 44 条记录
✓ 已保存 A股 数据到 /home/admin/.openclaw/workspace/stock-dashboard/test/stockmarket/data/trades_cn.json (9条交易, 2只持仓)
✓ 已保存 港股 数据到 /home/admin/.openclaw/workspace/stock-dashboard/test/stockmarket/data/trades_hk.json (8条交易, 1只持仓)
✓ 已保存 美股 数据到 /home/admin/.openclaw/workspace/stock-dashboard/test/stockmarket/data/trades_us.json (13条交易, 1只持仓)
✓ 已保存 加股 数据到 /home/admin/.openclaw/workspace/stock-dashboard/test/stockmarket/data/trades_ca.json (5条交易, 2只持仓)
✓ 已保存 数字货币 数据到 /home/admin/.openclaw/workspace/stock-dashboard/test/stockmarket/data/trades_crypto.json (9条交易, 0只持仓)

✅ 同步完成！
📊 从飞书 openclaw 表格同步交易记录...
✓ 读取到 44 条记录
✓ 已保存 A股 数据到 /home/admin/.openclaw/workspace/stock-dashboard/test/stockmarket/data/trades_cn.json (9条交易, 2只持仓)
✓ 已保存 港股 数据到 /home/admin/.openclaw/workspace/stock-dashboard/test/stockmarket/data/trades_hk.json (8条交易, 1只持仓)
✓ 已保存 美股 数据到 /home/admin/.openclaw/workspace/stock-dashboard/test/stockmarket/data/trades_us.json (13条交易, 1只持仓)
✓ 已保存 加股 数据到 /home/admin/.openclaw/workspace/stock-dashboard/test/stockmarket/data/trades_ca.json (5条交易, 2只持仓)
✓ 已保存 数字货币 数据到 /home/admin/.openclaw/workspace/stock-dashboard/test/stockmarket/data/trades_crypto.json (9条交易, 0只持仓)

✅ 同步完成！
📊 从飞书 openclaw 表格同步交易记录...
✓ 读取到 44 条记录
✓ 已保存 A股 数据到 /home/admin/.openclaw/workspace/stock-dashboard/test/stockmarket/data/trades_cn.json (9条交易, 2只持仓)
✓ 已保存 港股 数据到 /home/admin/.openclaw/workspace/stock-dashboard/test/stockmarket/data/trades_hk.json (8条交易, 1只持仓)
✓ 已保存 美股 数据到 /home/admin/.openclaw/workspace/stock-dashboard/test/stockmarket/data/trades_us.json (13条交易, 1只持仓)
✓ 已保存 加股 数据到 /home/admin/.openclaw/workspace/stock-dashboard/test/stockmarket/data/trades_ca.json (5条交易, 2只持仓)
✓ 已保存 数字货币 数据到 /home/admin/.openclaw/workspace/stock-dashboard/test/stockmarket/data/trades_crypto.json (9条交易, 0只持仓)

✅ 同步完成！
📊 从飞书 openclaw 表格同步交易记录...
✓ 读取到 44 条记录
✓ 已保存 A股 数据到 /home/admin/.openclaw/workspace/stock-dashboard/test/stockmarket/data/trades_cn.json (9条交易, 2只持仓)
✓ 已保存 港股 数据到 /home/admin/.openclaw/workspace/stock-dashboard/test/stockmarket/data/trades_hk.json (8条交易, 1只持仓)
✓ 已保存 美股 数据到 /home/admin/.openclaw/workspace/stock-dashboard/test/stockmarket/data/trades_us.json (13条交易, 1只持仓)
✓ 已保存 加股 数据到 /home/admin/.openclaw/workspace/stock-dashboard/test/stockmarket/data/trades_ca.json (5条交易, 2只持仓)
✓ 已保存 数字货币 数据到 /home/admin/.openclaw/workspace/stock-dashboard/test/stockmarket/data/trades_crypto.json (9条交易, 0只持仓)

✅ 同步完成！
📊 从飞书 openclaw 表格同步交易记录...
✓ 读取到 44 条记录
✓ 已保存 A股 数据到 /home/admin/.openclaw/workspace/stock-dashboard/test/stockmarket/data/trades_cn.json (9条交易, 2只持仓)
✓ 已保存 港股 数据到 /home/admin/.openclaw/workspace/stock-dashboard/test/stockmarket/data/trades_hk.json (8条交易, 1只持仓)
✓ 已保存 美股 数据到 /home/admin/.openclaw/workspace/stock-dashboard/test/stockmarket/data/trades_us.json (13条交易, 1只持仓)
✓ 已保存 加股 数据到 /home/admin/.openclaw/workspace/stock-dashboard/test/stockmarket/data/trades_ca.json (5条交易, 2只持仓)
✓ 已保存 数字货币 数据到 /home/admin/.openclaw/workspace/stock-dashboard/test/stockmarket/data/trades_crypto.json (9条交易, 0只持仓)

✅ 同步完成！
📊 从飞书 openclaw 表格同步交易记录...
✓ 读取到 44 条记录
✓ 已保存 A股 数据到 /home/admin/.openclaw/workspace/stock-dashboard/test/stockmarket/data/trades_cn.json (9条交易, 2只持仓)
✓ 已保存 港股 数据到 /home/admin/.openclaw/workspace/stock-dashboard/test/stockmarket/data/trades_hk.json (8条交易, 1只持仓)
✓ 已保存 美股 数据到 /home/admin/.openclaw/workspace/stock-dashboard/test/stockmarket/data/trades_us.json (13条交易, 1只持仓)
✓ 已保存 加股 数据到 /home/admin/.openclaw/workspace/stock-dashboard/test/stockmarket/data/trades_ca.json (5条交易, 2只持仓)
✓ 已保存 数字货币 数据到 /home/admin/.openclaw/workspace/stock-dashboard/test/stockmarket/data/trades_crypto.json (9条交易, 0只持仓)

✅ 同步完成！
📊 从飞书 openclaw 表格同步交易记录...
✓ 读取到 44 条记录
✓ 已保存 A股 数据到 /home/admin/.openclaw/workspace/stock-dashboard/test/stockmarket/data/trades_cn.json (9条交易, 2只持仓)
✓ 已保存 港股 数据到 /home/admin/.openclaw/workspace/stock-dashboard/test/stockmarket/data/trades_hk.json (8条交易, 1只持仓)
✓ 已保存 美股 数据到 /home/admin/.openclaw/workspace/stock-dashboard/test/stockmarket/data/trades_us.json (13条交易, 1只持仓)
✓ 已保存 加股 数据到 /home/admin/.openclaw/workspace/stock-dashboard/test/stockmarket/data/trades_ca.json (5条交易, 2只持仓)
✓ 已保存 数字货币 数据到 /home/admin/.openclaw/workspace/stock-dashboard/test/stockmarket/data/trades_crypto.json (9条交易, 0只持仓)

✅ 同步完成！
📊 从飞书 openclaw 表格同步交易记录...
✓ 读取到 44 条记录
✓ 已保存 A股 数据到 /home/admin/.openclaw/workspace/stock-dashboard/test/stockmarket/data/trades_cn.json (9条交易, 2只持仓)
✓ 已保存 港股 数据到 /home/admin/.openclaw/workspace/stock-dashboard/test/stockmarket/data/trades_hk.json (8条交易, 1只持仓)
✓ 已保存 美股 数据到 /home/admin/.openclaw/workspace/stock-dashboard/test/stockmarket/data/trades_us.json (13条交易, 1只持仓)
✓ 已保存 加股 数据到 /home/admin/.openclaw/workspace/stock-dashboard/test/stockmarket/data/trades_ca.json (5条交易, 2只持仓)
✓ 已保存 数字货币 数据到 /home/admin/.openclaw/workspace/stock-dashboard/test/stockmarket/data/trades_crypto.json (9条交易, 0只持仓)

✅ 同步完成！
📊 从飞书 openclaw 表格同步交易记录...
✓ 读取到 44 条记录
✓ 已保存 A股 数据到 /home/admin/.openclaw/workspace/stock-dashboard/test/stockmarket/data/trades_cn.json (9条交易, 2只持仓)
✓ 已保存 港股 数据到 /home/admin/.openclaw/workspace/stock-dashboard/test/stockmarket/data/trades_hk.json (8条交易, 1只持仓)
✓ 已保存 美股 数据到 /home/admin/.openclaw/workspace/stock-dashboard/test/stockmarket/data/trades_us.json (13条交易, 1只持仓)
✓ 已保存 加股 数据到 /home/admin/.openclaw/workspace/stock-dashboard/test/stockmarket/data/trades_ca.json (5条交易, 2只持仓)
✓ 已保存 数字货币 数据到 /home/admin/.openclaw/workspace/stock-dashboard/test/stockmarket/data/trades_crypto.json (9条交易, 0只持仓)

✅ 同步完成！
📊 从飞书 openclaw 表格同步交易记录...
✓ 读取到 45 条记录
✓ 已保存 A股 数据到 /home/admin/.openclaw/workspace/stock-dashboard/test/stockmarket/data/trades_cn.json (9条交易, 2只持仓)
✓ 已保存 港股 数据到 /home/admin/.openclaw/workspace/stock-dashboard/test/stockmarket/data/trades_hk.json (8条交易, 1只持仓)
✓ 已保存 美股 数据到 /home/admin/.openclaw/workspace/stock-dashboard/test/stockmarket/data/trades_us.json (14条交易, 1只持仓)
✓ 已保存 加股 数据到 /home/admin/.openclaw/workspace/stock-dashboard/test/stockmarket/data/trades_ca.json (5条交易, 2只持仓)
✓ 已保存 数字货币 数据到 /home/admin/.openclaw/workspace/stock-dashboard/test/stockmarket/data/trades_crypto.json (9条交易, 0只持仓)

✅ 同步完成！
📊 从飞书 openclaw 表格同步交易记录...
✓ 读取到 45 条记录
✓ 已保存 A股 数据到 /home/admin/.openclaw/workspace/stock-dashboard/test/stockmarket/data/trades_cn.json (9条交易, 2只持仓)
✓ 已保存 港股 数据到 /home/admin/.openclaw/workspace/stock-dashboard/test/stockmarket/data/trades_hk.json (8条交易, 1只持仓)
✓ 已保存 美股 数据到 /home/admin/.openclaw/workspace/stock-dashboard/test/stockmarket/data/trades_us.json (14条交易, 1只持仓)
✓ 已保存 加股 数据到 /home/admin/.openclaw/workspace/stock-dashboard/test/stockmarket/data/trades_ca.json (5条交易, 2只持仓)
✓ 已保存 数字货币 数据到 /home/admin/.openclaw/workspace/stock-dashboard/test/stockmarket/data/trades_crypto.json (9条交易, 0只持仓)

✅ 同步完成！
📊 从飞书 openclaw 表格同步交易记录...
✓ 读取到 45 条记录
✓ 已保存 A股 数据到 /home/admin/.openclaw/workspace/stock-dashboard/test/stockmarket/data/trades_cn.json (9条交易, 2只持仓)
✓ 已保存 港股 数据到 /home/admin/.openclaw/workspace/stock-dashboard/test/stockmarket/data/trades_hk.json (8条交易, 1只持仓)
✓ 已保存 美股 数据到 /home/admin/.openclaw/workspace/stock-dashboard/test/stockmarket/data/trades_us.json (14条交易, 1只持仓)
✓ 已保存 加股 数据到 /home/admin/.openclaw/workspace/stock-dashboard/test/stockmarket/data/trades_ca.json (5条交易, 2只持仓)
✓ 已保存 数字货币 数据到 /home/admin/.openclaw/workspace/stock-dashboard/test/stockmarket/data/trades_crypto.json (9条交易, 0只持仓)

✅ 同步完成！
📊 从飞书 openclaw 表格同步交易记录...
✓ 读取到 45 条记录
✓ 已保存 A股 数据到 /home/admin/.openclaw/workspace/stock-dashboard/test/stockmarket/data/trades_cn.json (9条交易, 2只持仓)
✓ 已保存 港股 数据到 /home/admin/.openclaw/workspace/stock-dashboard/test/stockmarket/data/trades_hk.json (8条交易, 1只持仓)
✓ 已保存 美股 数据到 /home/admin/.openclaw/workspace/stock-dashboard/test/stockmarket/data/trades_us.json (14条交易, 1只持仓)
✓ 已保存 加股 数据到 /home/admin/.openclaw/workspace/stock-dashboard/test/stockmarket/data/trades_ca.json (5条交易, 2只持仓)
✓ 已保存 数字货币 数据到 /home/admin/.openclaw/workspace/stock-dashboard/test/stockmarket/data/trades_crypto.json (9条交易, 0只持仓)

✅ 同步完成！
📊 从飞书 openclaw 表格同步交易记录...
✓ 读取到 45 条记录
✓ 已保存 A股 数据到 /home/admin/.openclaw/workspace/stock-dashboard/test/stockmarket/data/trades_cn.json (9条交易, 2只持仓)
✓ 已保存 港股 数据到 /home/admin/.openclaw/workspace/stock-dashboard/test/stockmarket/data/trades_hk.json (8条交易, 1只持仓)
✓ 已保存 美股 数据到 /home/admin/.openclaw/workspace/stock-dashboard/test/stockmarket/data/trades_us.json (14条交易, 1只持仓)
✓ 已保存 加股 数据到 /home/admin/.openclaw/workspace/stock-dashboard/test/stockmarket/data/trades_ca.json (5条交易, 2只持仓)
✓ 已保存 数字货币 数据到 /home/admin/.openclaw/workspace/stock-dashboard/test/stockmarket/data/trades_crypto.json (9条交易, 0只持仓)

✅ 同步完成！
📊 从飞书 openclaw 表格同步交易记录...
✓ 读取到 45 条记录
✓ 已保存 A股 数据到 /home/admin/.openclaw/workspace/stock-dashboard/test/stockmarket/data/trades_cn.json (9条交易, 2只持仓)
✓ 已保存 港股 数据到 /home/admin/.openclaw/workspace/stock-dashboard/test/stockmarket/data/trades_hk.json (8条交易, 1只持仓)
✓ 已保存 美股 数据到 /home/admin/.openclaw/workspace/stock-dashboard/test/stockmarket/data/trades_us.json (14条交易, 1只持仓)
✓ 已保存 加股 数据到 /home/admin/.openclaw/workspace/stock-dashboard/test/stockmarket/data/trades_ca.json (5条交易, 2只持仓)
✓ 已保存 数字货币 数据到 /home/admin/.openclaw/workspace/stock-dashboard/test/stockmarket/data/trades_crypto.json (9条交易, 0只持仓)

✅ 同步完成！
📊 从飞书 openclaw 表格同步交易记录...
✓ 读取到 45 条记录
✓ 已保存 A股 数据到 /home/admin/.openclaw/workspace/stock-dashboard/test/stockmarket/data/trades_cn.json (9条交易, 2只持仓)
✓ 已保存 港股 数据到 /home/admin/.openclaw/workspace/stock-dashboard/test/stockmarket/data/trades_hk.json (8条交易, 1只持仓)
✓ 已保存 美股 数据到 /home/admin/.openclaw/workspace/stock-dashboard/test/stockmarket/data/trades_us.json (14条交易, 1只持仓)
✓ 已保存 加股 数据到 /home/admin/.openclaw/workspace/stock-dashboard/test/stockmarket/data/trades_ca.json (5条交易, 2只持仓)
✓ 已保存 数字货币 数据到 /home/admin/.openclaw/workspace/stock-dashboard/test/stockmarket/data/trades_crypto.json (9条交易, 0只持仓)

✅ 同步完成！
📊 从飞书 openclaw 表格同步交易记录...
✓ 读取到 45 条记录
✓ 已保存 A股 数据到 /home/admin/.openclaw/workspace/stock-dashboard/test/stockmarket/data/trades_cn.json (9条交易, 2只持仓)
✓ 已保存 港股 数据到 /home/admin/.openclaw/workspace/stock-dashboard/test/stockmarket/data/trades_hk.json (8条交易, 1只持仓)
✓ 已保存 美股 数据到 /home/admin/.openclaw/workspace/stock-dashboard/test/stockmarket/data/trades_us.json (14条交易, 1只持仓)
✓ 已保存 加股 数据到 /home/admin/.openclaw/workspace/stock-dashboard/test/stockmarket/data/trades_ca.json (5条交易, 2只持仓)
✓ 已保存 数字货币 数据到 /home/admin/.openclaw/workspace/stock-dashboard/test/stockmarket/data/trades_crypto.json (9条交易, 0只持仓)

✅ 同步完成！
📊 从飞书 openclaw 表格同步交易记录...
✓ 读取到 45 条记录
✓ 已保存 A股 数据到 /home/admin/.openclaw/workspace/stock-dashboard/test/stockmarket/data/trades_cn.json (9条交易, 2只持仓)
✓ 已保存 港股 数据到 /home/admin/.openclaw/workspace/stock-dashboard/test/stockmarket/data/trades_hk.json (8条交易, 1只持仓)
✓ 已保存 美股 数据到 /home/admin/.openclaw/workspace/stock-dashboard/test/stockmarket/data/trades_us.json (14条交易, 1只持仓)
✓ 已保存 加股 数据到 /home/admin/.openclaw/workspace/stock-dashboard/test/stockmarket/data/trades_ca.json (5条交易, 2只持仓)
✓ 已保存 数字货币 数据到 /home/admin/.openclaw/workspace/stock-dashboard/test/stockmarket/data/trades_crypto.json (9条交易, 0只持仓)

✅ 同步完成！
📊 从飞书 openclaw 表格同步交易记录...
✓ 读取到 45 条记录
✓ 已保存 A股 数据到 /home/admin/.openclaw/workspace/stock-dashboard/test/stockmarket/data/trades_cn.json (9条交易, 2只持仓)
✓ 已保存 港股 数据到 /home/admin/.openclaw/workspace/stock-dashboard/test/stockmarket/data/trades_hk.json (8条交易, 1只持仓)
✓ 已保存 美股 数据到 /home/admin/.openclaw/workspace/stock-dashboard/test/stockmarket/data/trades_us.json (14条交易, 1只持仓)
✓ 已保存 加股 数据到 /home/admin/.openclaw/workspace/stock-dashboard/test/stockmarket/data/trades_ca.json (5条交易, 2只持仓)
✓ 已保存 数字货币 数据到 /home/admin/.openclaw/workspace/stock-dashboard/test/stockmarket/data/trades_crypto.json (9条交易, 0只持仓)

✅ 同步完成！
📊 从飞书 openclaw 表格同步交易记录...
✓ 读取到 45 条记录
✓ 已保存 A股 数据到 /home/admin/.openclaw/workspace/stock-dashboard/test/stockmarket/data/trades_cn.json (9条交易, 2只持仓)
✓ 已保存 港股 数据到 /home/admin/.openclaw/workspace/stock-dashboard/test/stockmarket/data/trades_hk.json (8条交易, 1只持仓)
✓ 已保存 美股 数据到 /home/admin/.openclaw/workspace/stock-dashboard/test/stockmarket/data/trades_us.json (14条交易, 1只持仓)
✓ 已保存 加股 数据到 /home/admin/.openclaw/workspace/stock-dashboard/test/stockmarket/data/trades_ca.json (5条交易, 2只持仓)
✓ 已保存 数字货币 数据到 /home/admin/.openclaw/workspace/stock-dashboard/test/stockmarket/data/trades_crypto.json (9条交易, 0只持仓)

✅ 同步完成！
📊 从飞书 openclaw 表格同步交易记录...
✓ 读取到 45 条记录
✓ 已保存 A股 数据到 /home/admin/.openclaw/workspace/stock-dashboard/test/stockmarket/data/trades_cn.json (9条交易, 2只持仓)
✓ 已保存 港股 数据到 /home/admin/.openclaw/workspace/stock-dashboard/test/stockmarket/data/trades_hk.json (8条交易, 1只持仓)
✓ 已保存 美股 数据到 /home/admin/.openclaw/workspace/stock-dashboard/test/stockmarket/data/trades_us.json (14条交易, 1只持仓)
✓ 已保存 加股 数据到 /home/admin/.openclaw/workspace/stock-dashboard/test/stockmarket/data/trades_ca.json (5条交易, 2只持仓)
✓ 已保存 数字货币 数据到 /home/admin/.openclaw/workspace/stock-dashboard/test/stockmarket/data/trades_crypto.json (9条交易, 0只持仓)

✅ 同步完成！
📊 从飞书 openclaw 表格同步交易记录...
✓ 读取到 45 条记录
✓ 已保存 A股 数据到 /home/admin/.openclaw/workspace/stock-dashboard/test/stockmarket/data/trades_cn.json (9条交易, 2只持仓)
✓ 已保存 港股 数据到 /home/admin/.openclaw/workspace/stock-dashboard/test/stockmarket/data/trades_hk.json (8条交易, 1只持仓)
✓ 已保存 美股 数据到 /home/admin/.openclaw/workspace/stock-dashboard/test/stockmarket/data/trades_us.json (14条交易, 1只持仓)
✓ 已保存 加股 数据到 /home/admin/.openclaw/workspace/stock-dashboard/test/stockmarket/data/trades_ca.json (5条交易, 2只持仓)
✓ 已保存 数字货币 数据到 /home/admin/.openclaw/workspace/stock-dashboard/test/stockmarket/data/trades_crypto.json (9条交易, 0只持仓)

✅ 同步完成！
📊 从飞书 openclaw 表格同步交易记录...
✓ 读取到 45 条记录
✓ 已保存 A股 数据到 /home/admin/.openclaw/workspace/stock-dashboard/test/stockmarket/data/trades_cn.json (9条交易, 2只持仓)
✓ 已保存 港股 数据到 /home/admin/.openclaw/workspace/stock-dashboard/test/stockmarket/data/trades_hk.json (8条交易, 1只持仓)
✓ 已保存 美股 数据到 /home/admin/.openclaw/workspace/stock-dashboard/test/stockmarket/data/trades_us.json (14条交易, 1只持仓)
✓ 已保存 加股 数据到 /home/admin/.openclaw/workspace/stock-dashboard/test/stockmarket/data/trades_ca.json (5条交易, 2只持仓)
✓ 已保存 数字货币 数据到 /home/admin/.openclaw/workspace/stock-dashboard/test/stockmarket/data/trades_crypto.json (9条交易, 0只持仓)

✅ 同步完成！
📊 从飞书 openclaw 表格同步交易记录...
✓ 读取到 45 条记录
✓ 已保存 A股 数据到 /home/admin/.openclaw/workspace/stock-dashboard/test/stockmarket/data/trades_cn.json (9条交易, 2只持仓)
✓ 已保存 港股 数据到 /home/admin/.openclaw/workspace/stock-dashboard/test/stockmarket/data/trades_hk.json (8条交易, 1只持仓)
✓ 已保存 美股 数据到 /home/admin/.openclaw/workspace/stock-dashboard/test/stockmarket/data/trades_us.json (14条交易, 1只持仓)
✓ 已保存 加股 数据到 /home/admin/.openclaw/workspace/stock-dashboard/test/stockmarket/data/trades_ca.json (5条交易, 2只持仓)
✓ 已保存 数字货币 数据到 /home/admin/.openclaw/workspace/stock-dashboard/test/stockmarket/data/trades_crypto.json (9条交易, 0只持仓)

✅ 同步完成！
📊 从飞书 openclaw 表格同步交易记录...
✓ 读取到 45 条记录
✓ 已保存 A股 数据到 /home/admin/.openclaw/workspace/stock-dashboard/test/stockmarket/data/trades_cn.json (9条交易, 2只持仓)
✓ 已保存 港股 数据到 /home/admin/.openclaw/workspace/stock-dashboard/test/stockmarket/data/trades_hk.json (8条交易, 1只持仓)
✓ 已保存 美股 数据到 /home/admin/.openclaw/workspace/stock-dashboard/test/stockmarket/data/trades_us.json (14条交易, 1只持仓)
✓ 已保存 加股 数据到 /home/admin/.openclaw/workspace/stock-dashboard/test/stockmarket/data/trades_ca.json (5条交易, 2只持仓)
✓ 已保存 数字货币 数据到 /home/admin/.openclaw/workspace/stock-dashboard/test/stockmarket/data/trades_crypto.json (9条交易, 0只持仓)

✅ 同步完成！
📊 从飞书 openclaw 表格同步交易记录...
✓ 读取到 45 条记录
✓ 已保存 A股 数据到 /home/admin/.openclaw/workspace/stock-dashboard/test/stockmarket/data/trades_cn.json (9条交易, 2只持仓)
✓ 已保存 港股 数据到 /home/admin/.openclaw/workspace/stock-dashboard/test/stockmarket/data/trades_hk.json (8条交易, 1只持仓)
✓ 已保存 美股 数据到 /home/admin/.openclaw/workspace/stock-dashboard/test/stockmarket/data/trades_us.json (14条交易, 1只持仓)
✓ 已保存 加股 数据到 /home/admin/.openclaw/workspace/stock-dashboard/test/stockmarket/data/trades_ca.json (5条交易, 2只持仓)
✓ 已保存 数字货币 数据到 /home/admin/.openclaw/workspace/stock-dashboard/test/stockmarket/data/trades_crypto.json (9条交易, 0只持仓)

✅ 同步完成！
📊 从飞书 openclaw 表格同步交易记录...
✓ 读取到 45 条记录
✓ 已保存 A股 数据到 /home/admin/.openclaw/workspace/stock-dashboard/test/stockmarket/data/trades_cn.json (9条交易, 2只持仓)
✓ 已保存 港股 数据到 /home/admin/.openclaw/workspace/stock-dashboard/test/stockmarket/data/trades_hk.json (8条交易, 1只持仓)
✓ 已保存 美股 数据到 /home/admin/.openclaw/workspace/stock-dashboard/test/stockmarket/data/trades_us.json (14条交易, 1只持仓)
✓ 已保存 加股 数据到 /home/admin/.openclaw/workspace/stock-dashboard/test/stockmarket/data/trades_ca.json (5条交易, 2只持仓)
✓ 已保存 数字货币 数据到 /home/admin/.openclaw/workspace/stock-dashboard/test/stockmarket/data/trades_crypto.json (9条交易, 0只持仓)

✅ 同步完成！
📊 从飞书 openclaw 表格同步交易记录...
✓ 读取到 45 条记录
✓ 已保存 A股 数据到 /home/admin/.openclaw/workspace/stock-dashboard/test/stockmarket/data/trades_cn.json (9条交易, 2只持仓)
✓ 已保存 港股 数据到 /home/admin/.openclaw/workspace/stock-dashboard/test/stockmarket/data/trades_hk.json (8条交易, 1只持仓)
✓ 已保存 美股 数据到 /home/admin/.openclaw/workspace/stock-dashboard/test/stockmarket/data/trades_us.json (14条交易, 1只持仓)
✓ 已保存 加股 数据到 /home/admin/.openclaw/workspace/stock-dashboard/test/stockmarket/data/trades_ca.json (5条交易, 2只持仓)
✓ 已保存 数字货币 数据到 /home/admin/.openclaw/workspace/stock-dashboard/test/stockmarket/data/trades_crypto.json (9条交易, 0只持仓)

✅ 同步完成！
📊 从飞书 openclaw 表格同步交易记录...
✓ 读取到 45 条记录
✓ 已保存 A股 数据到 /home/admin/.openclaw/workspace/stock-dashboard/test/stockmarket/data/trades_cn.json (9条交易, 2只持仓)
✓ 已保存 港股 数据到 /home/admin/.openclaw/workspace/stock-dashboard/test/stockmarket/data/trades_hk.json (8条交易, 1只持仓)
✓ 已保存 美股 数据到 /home/admin/.openclaw/workspace/stock-dashboard/test/stockmarket/data/trades_us.json (14条交易, 1只持仓)
✓ 已保存 加股 数据到 /home/admin/.openclaw/workspace/stock-dashboard/test/stockmarket/data/trades_ca.json (5条交易, 2只持仓)
✓ 已保存 数字货币 数据到 /home/admin/.openclaw/workspace/stock-dashboard/test/stockmarket/data/trades_crypto.json (9条交易, 0只持仓)

✅ 同步完成！
📊 从飞书 openclaw 表格同步交易记录...
✓ 读取到 46 条记录
✓ 已保存 A股 数据到 /home/admin/.openclaw/workspace/stock-dashboard/test/stockmarket/data/trades_cn.json (10条交易, 2只持仓)
✓ 已保存 港股 数据到 /home/admin/.openclaw/workspace/stock-dashboard/test/stockmarket/data/trades_hk.json (8条交易, 1只持仓)
✓ 已保存 美股 数据到 /home/admin/.openclaw/workspace/stock-dashboard/test/stockmarket/data/trades_us.json (14条交易, 1只持仓)
✓ 已保存 加股 数据到 /home/admin/.openclaw/workspace/stock-dashboard/test/stockmarket/data/trades_ca.json (5条交易, 2只持仓)
✓ 已保存 数字货币 数据到 /home/admin/.openclaw/workspace/stock-dashboard/test/stockmarket/data/trades_crypto.json (9条交易, 0只持仓)

✅ 同步完成！
📊 从飞书 openclaw 表格同步交易记录...
✓ 读取到 46 条记录
✓ 已保存 A股 数据到 /home/admin/.openclaw/workspace/stock-dashboard/test/stockmarket/data/trades_cn.json (10条交易, 2只持仓)
✓ 已保存 港股 数据到 /home/admin/.openclaw/workspace/stock-dashboard/test/stockmarket/data/trades_hk.json (8条交易, 1只持仓)
✓ 已保存 美股 数据到 /home/admin/.openclaw/workspace/stock-dashboard/test/stockmarket/data/trades_us.json (14条交易, 1只持仓)
✓ 已保存 加股 数据到 /home/admin/.openclaw/workspace/stock-dashboard/test/stockmarket/data/trades_ca.json (5条交易, 2只持仓)
✓ 已保存 数字货币 数据到 /home/admin/.openclaw/workspace/stock-dashboard/test/stockmarket/data/trades_crypto.json (9条交易, 0只持仓)

✅ 同步完成！
📊 从飞书 openclaw 表格同步交易记录...
✓ 读取到 46 条记录
✓ 已保存 A股 数据到 /home/admin/.openclaw/workspace/stock-dashboard/test/stockmarket/data/trades_cn.json (10条交易, 2只持仓)
✓ 已保存 港股 数据到 /home/admin/.openclaw/workspace/stock-dashboard/test/stockmarket/data/trades_hk.json (8条交易, 1只持仓)
✓ 已保存 美股 数据到 /home/admin/.openclaw/workspace/stock-dashboard/test/stockmarket/data/trades_us.json (14条交易, 1只持仓)
✓ 已保存 加股 数据到 /home/admin/.openclaw/workspace/stock-dashboard/test/stockmarket/data/trades_ca.json (5条交易, 2只持仓)
✓ 已保存 数字货币 数据到 /home/admin/.openclaw/workspace/stock-dashboard/test/stockmarket/data/trades_crypto.json (9条交易, 0只持仓)

✅ 同步完成！
