============================================================
获取全球股市指数实时数据
============================================================
获取 上证指数 (000001.SS)...
  ✓ 上证指数: 3986.225 (+0.51%)
获取 深证成指 (399001.SZ)...
  ✓ 深证成指: 14309.472 (+2.24%)
获取 科创 50 (000688.SS)...
  ✓ 科创 50: 1364.495 (+1.53%)
获取 恒生指数 (^HSI)...
  ✓ 恒生指数: 25893.54 (+0.55%)
获取 国企指数 (^HSCE)...
  ✓ 国企指数: 8655.04 (+0.50%)
获取 恒生科技 (^HSTECH)...
获取 ^HSTECH 失败：404 Client Error: Not Found for url: https://query1.finance.yahoo.com/v8/finance/chart/%5EHSTECH
  ✗ 恒生科技: 获取失败
获取 道琼斯 (^DJI)...
  ✓ 道琼斯: 47916.57 (-0.56%)
获取 纳斯达克 (^IXIC)...
  ✓ 纳斯达克: 22902.895 (+0.35%)
获取 标普 500 (^GSPC)...
  ✓ 标普 500: 6816.89 (-0.11%)
获取 TSX (^GSPTSE)...
  ✓ TSX: 33695.76 (+0.65%)
获取 S&P/TSX 60 (^SPTSX60)...
获取 ^SPTSX60 失败：404 Client Error: Not Found for url: https://query1.finance.yahoo.com/v8/finance/chart/%5ESPTSX60
  ✗ S&P/TSX 60: 获取失败
获取 TSX Venture (^JX)...
获取 ^JX 失败：404 Client Error: Not Found for url: https://query1.finance.yahoo.com/v8/finance/chart/%5EJX
  ✗ TSX Venture: 获取失败
获取 比特币 (BTC-USD)...
  ✓ BTC: 71109.82 (-2.67%)
获取 以太坊 (ETH-USD)...
  ✓ ETH: 2198.942 (-3.78%)
获取 Solana (SOL-USD)...
  ✓ SOL: 82.01363 (-3.46%)

数据已保存到：/home/admin/.openclaw/workspace/stock-dashboard/test/stockmarket/data/indices.json

============================================================
数据摘要:

CN:
  上证指数: 3986.22 (+0.51%)
  深证成指: 14309.47 (+2.24%)
  科创 50: 1364.49 (+1.53%)

HK:
  恒生指数: 25893.54 (+0.55%)
  国企指数: 8655.04 (+0.50%)
  恒生科技: 0 (+0.00%)

US:
  道琼斯: 47916.57 (-0.56%)
  纳斯达克: 22902.9 (+0.35%)
  标普 500: 6816.89 (-0.11%)

CA:
  TSX: 33695.76 (+0.65%)
  S&P/TSX 60: 0 (+0.00%)
  TSX Venture: 0 (+0.00%)

CRYPTO:
  BTC: 71109.82 (-2.67%)
  ETH: 2198.94 (-3.78%)
  SOL: 82.01 (-3.46%)

============================================================
完成!
============================================================
获取全球股市指数实时数据
============================================================
获取 上证指数 (000001.SS)...
  ✓ 上证指数: 3988.558 (+0.56%)
获取 深证成指 (399001.SZ)...
  ✓ 深证成指: 14407.864 (+2.94%)
获取 科创 50 (000688.SS)...
  ✓ 科创 50: 1375.2874 (+0.79%)
获取 恒生指数 (^HSI)...
  ✓ 恒生指数: 25660.85 (-0.90%)
获取 国企指数 (^HSCE)...
  ✓ 国企指数: 8602.06 (-0.61%)
获取 恒生科技 (^HSTECH)...
获取 ^HSTECH 失败：404 Client Error: Not Found for url: https://query1.finance.yahoo.com/v8/finance/chart/%5EHSTECH
  ✗ 恒生科技: 获取失败
获取 道琼斯 (^DJI)...
  ✓ 道琼斯: 48207.66 (+0.61%)
获取 纳斯达克 (^IXIC)...
  ✓ 纳斯达克: 23182.783 (+1.22%)
获取 标普 500 (^GSPC)...
  ✓ 标普 500: 6885.0 (+1.00%)
获取 TSX (^GSPTSE)...
  ✓ TSX: 33876.63 (+0.54%)
获取 S&P/TSX 60 (^SPTSX60)...
获取 ^SPTSX60 失败：404 Client Error: Not Found for url: https://query1.finance.yahoo.com/v8/finance/chart/%5ESPTSX60
  ✗ S&P/TSX 60: 获取失败
获取 TSX Venture (^JX)...
获取 ^JX 失败：404 Client Error: Not Found for url: https://query1.finance.yahoo.com/v8/finance/chart/%5EJX
  ✗ TSX Venture: 获取失败
获取 比特币 (BTC-USD)...
  ✓ BTC: 73384.99 (+3.74%)
获取 以太坊 (ETH-USD)...
  ✓ ETH: 2267.1035 (+3.44%)
获取 Solana (SOL-USD)...
  ✓ SOL: 84.21171 (+3.28%)

数据已保存到：/home/admin/.openclaw/workspace/stock-dashboard/test/stockmarket/data/indices.json

============================================================
数据摘要:

CN:
  上证指数: 3988.56 (+0.56%)
  深证成指: 14407.86 (+2.94%)
  科创 50: 1375.29 (+0.79%)

HK:
  恒生指数: 25660.85 (-0.90%)
  国企指数: 8602.06 (-0.61%)
  恒生科技: 0 (+0.00%)

US:
  道琼斯: 48207.66 (+0.61%)
  纳斯达克: 23182.78 (+1.22%)
  标普 500: 6885.0 (+1.00%)

CA:
  TSX: 33876.63 (+0.54%)
  S&P/TSX 60: 0 (+0.00%)
  TSX Venture: 0 (+0.00%)

CRYPTO:
  BTC: 73384.99 (+3.74%)
  ETH: 2267.1 (+3.44%)
  SOL: 84.21 (+3.28%)

============================================================
完成!
